<?xml version="1.0" encoding="UTF-8"?>
<!-- Generated by org.testng.reporters.JUnitReportReporter -->
<testsuite hostname="DESKTOP-6S2BJRF" failures="0" tests="1" name="com.testScripts.HomeTest" time="133.280" errors="0" timestamp="2024-10-30T15:59:52 IST" skipped="0">
  <testcase classname="com.testScripts.HomeTest" name="newHotelManagment" time="133.280"/>
</testsuite> <!-- com.testScripts.HomeTest -->
